
> dropdown-component@0.1.0 build-storybook
> storybook build --output-dir C:\Users\tusha\AppData\Local\Temp\chromatic--14396-8C6Xjg0pc9Nf

@storybook/cli v8.1.9

info => Cleaning outputDir: ..\..\..\..\AppData\Local\Temp\chromatic--14396-8C6Xjg0pc9Nf
info => Loading presets
info => Building manager..
info => Manager built (284 ms)
info => Building preview..
info => Loading Webpack configuration from `node_modules\react-scripts`
info => Removing existing JavaScript and TypeScript rules.
info => Modifying Create React App rules.
info Addon-docs: using MDX3
info => Using default Webpack5 setup
info => Copying static files: public at ..\..\..\..\AppData\Local\Temp\chromatic--14396-8C6Xjg0pc9Nf
info Using tsconfig paths for react-docgen
WARN asset size limit: The following asset(s) exceed the recommended size limit (244 KiB).
WARN This can impact web performance.
WARN Assets: 
WARN   7a58d2cb9a6358f85e9b.png (456 KiB)
WARN   7.d074dc55.iframe.bundle.js (759 KiB)
WARN   797.229a4cb5.iframe.bundle.js (674 KiB)
WARN   596.b86697f4.iframe.bundle.js (939 KiB)
WARN entrypoint size limit: The following entrypoint(s) combined asset size exceeds the recommended limit (244 KiB). This can impact web performance.
WARN Entrypoints:
WARN   main (955 KiB)
WARN       runtime~main.8a94e50f.iframe.bundle.js
WARN       596.b86697f4.iframe.bundle.js
WARN       main.4e22dd8b.iframe.bundle.js
WARN 
info => Preview built (14 s)
info => Output directory: C:\Users\tusha\AppData\Local\Temp\chromatic--14396-8C6Xjg0pc9Nf
